
> boku-no-jihanki@0.1.0 check
> npm run validate && npm run lint && npm run typecheck && npm test && npm run build


> boku-no-jihanki@0.1.0 validate
> node scripts/validate-project.mjs

Project validation passed (28 required files).

> boku-no-jihanki@0.1.0 lint
> eslint . --max-warnings 0


> boku-no-jihanki@0.1.0 typecheck
> tsc -b --pretty false


> boku-no-jihanki@0.1.0 test
> node --test tests/*.test.mjs

TAP version 13
# Subtest: PWA is configured for a landscape standalone experience
ok 1 - PWA is configured for a landscape standalone experience
  ---
  duration_ms: 5.293773
  type: 'test'
  ...
# Subtest: M1 state points to vending-machine interaction as M2
ok 2 - M1 state points to vending-machine interaction as M2
  ---
  duration_ms: 1.367626
  type: 'test'
  ...
# Subtest: Vercel only deploys main to the normal production flow
ok 3 - Vercel only deploys main to the normal production flow
  ---
  duration_ms: 0.982606
  type: 'test'
  ...
# Subtest: M1 asset manifest records an original reusable vector set
ok 4 - M1 asset manifest records an original reusable vector set
  ---
  duration_ms: 1.972746
  type: 'test'
  ...
# Subtest: diagonal input is normalized and cannot exceed magnitude 1
ok 5 - diagonal input is normalized and cannot exceed magnitude 1
  ---
  duration_ms: 1.001933
  type: 'test'
  ...
# Subtest: analog input below maximum keeps its magnitude
ok 6 - analog input below maximum keeps its magnitude
  ---
  duration_ms: 0.332601
  type: 'test'
  ...
# Subtest: chunk planner loads current, adjacent and forward-prefetch chunks
ok 7 - chunk planner loads current, adjacent and forward-prefetch chunks
  ---
  duration_ms: 0.988407
  type: 'test'
  ...
# Subtest: depth increases from the object foot position
ok 8 - depth increases from the object foot position
  ---
  duration_ms: 0.159859
  type: 'test'
  ...
# Subtest: movement clamps to world bounds and stops at collision rectangles
ok 9 - movement clamps to world bounds and stops at collision rectangles
  ---
  duration_ms: 0.41196
  type: 'test'
  ...
# Subtest: area and surface lookup switches seamlessly at the park boundary
ok 10 - area and surface lookup switches seamlessly at the park boundary
  ---
  duration_ms: 0.173364
  type: 'test'
  ...
1..10
# tests 10
# suites 0
# pass 10
# fail 0
# cancelled 0
# skipped 0
# todo 0
# duration_ms 69.506208

> boku-no-jihanki@0.1.0 build
> tsc -b && vite build

[36mvite v6.3.1 [32mbuilding for production...[36m[39m
transforming...
[32mâś“[39m 48 modules transformed.
rendering chunks...
computing gzip size...
[2mdist/[22m[32mindex.html                 [39m[1m[2m    1.07 kB[22m[1m[22m[2m â”‚ gzip:   0.64 kB[22m
[2mdist/[22m[2massets/[22m[35mindex-DIgLQ5IB.css  [39m[1m[2m    8.89 kB[22m[1m[22m[2m â”‚ gzip:   2.94 kB[22m
[2mdist/[22m[2massets/[22m[36mreact-DPx9Otuh.js   [39m[1m[2m   11.65 kB[22m[1m[22m[2m â”‚ gzip:   4.15 kB[22m[2m â”‚ map:     41.71 kB[22m
[2mdist/[22m[2massets/[22m[36mindex-Cmj29OWH.js   [39m[1m[2m  236.78 kB[22m[1m[22m[2m â”‚ gzip:  71.35 kB[22m[2m â”‚ map:    978.94 kB[22m
[2mdist/[22m[2massets/[22m[36mphaser-Bga4hU0l.js  [39m[1m[2m1,684.98 kB[22m[1m[22m[2m â”‚ gzip: 381.39 kB[22m[2m â”‚ map: 11,321.16 kB[22m
[32mâś“ built in 4.83s[39m
